<?xml version="1.0" encoding="UTF-8"?>
<!-- Generated by org.testng.reporters.JUnitXMLReporter -->
<testsuite ignored="0" hostname="rajshekar-PC" failures="0" tests="6" name="Command line test" time="0.298" errors="0" timestamp="17 Mar 2020 17:32:09 GMT">
  <testcase classname="qaclickacademy.com.appiumTest" name="iosApps" time="0.016"/>
  <testcase classname="qaclickacademy.com.appiumTest" name="nativeAppAndroid" time="0.0"/>
  <testcase classname="qaclickacademy.com.restApiTest" name="deleteTwitter" time="0.001"/>
  <testcase classname="qaclickacademy.com.restApiTest" name="postJira" time="0.0"/>
  <testcase classname="qaclickacademy.com.seleniumTest" name="browserAutomation" time="0.001"/>
  <testcase classname="qaclickacademy.com.seleniumTest" name="elementsUi" time="0.001"/>
</testsuite> <!-- Command line test -->
