<?xml version="1.0" encoding="UTF-8"?>
<!-- Generated by org.testng.reporters.JUnitXMLReporter -->
<testsuite ignored="0" hostname="rajshekar-PC" failures="0" tests="4" name="Test" time="0.068" errors="0" timestamp="17 Mar 2020 08:46:48 GMT">
  <testcase classname="qaclickacademy.com.seleniumTest" name="browserAutomation" time="0.015"/>
  <testcase classname="qaclickacademy.com.seleniumTest" name="elementsUi" time="0.001"/>
  <testcase classname="qaclickacademy.com.restApiTest" name="deleteTwitter" time="0.0"/>
  <testcase classname="qaclickacademy.com.restApiTest" name="postJira" time="0.0"/>
</testsuite> <!-- Test -->
