<?xml version="1.0" encoding="UTF-8"?>
<testng-results ignored="0" total="6" passed="6" failed="0" skipped="0">
  <reporter-output>
  </reporter-output>
  <suite started-at="2020-03-17T17:32:07Z" name="Command line suite" finished-at="2020-03-17T17:32:07Z" duration-ms="298">
    <groups>
    </groups>
    <test started-at="2020-03-17T17:32:07Z" name="Command line test" finished-at="2020-03-17T17:32:07Z" duration-ms="298">
      <class name="qaclickacademy.com.seleniumTest">
        <test-method signature="browserAutomation()[pri:0, instance:qaclickacademy.com.seleniumTest@6121c9d6]" started-at="2020-03-17T17:32:07Z" name="browserAutomation" finished-at="2020-03-17T17:32:07Z" duration-ms="1" status="PASS">
          <reporter-output>
          </reporter-output>
        </test-method> <!-- browserAutomation -->
        <test-method signature="elementsUi()[pri:0, instance:qaclickacademy.com.seleniumTest@6121c9d6]" started-at="2020-03-17T17:32:07Z" name="elementsUi" finished-at="2020-03-17T17:32:07Z" duration-ms="1" status="PASS">
          <reporter-output>
          </reporter-output>
        </test-method> <!-- elementsUi -->
      </class> <!-- qaclickacademy.com.seleniumTest -->
      <class name="qaclickacademy.com.restApiTest">
        <test-method signature="deleteTwitter()[pri:0, instance:qaclickacademy.com.restApiTest@ed9d034]" started-at="2020-03-17T17:32:07Z" name="deleteTwitter" finished-at="2020-03-17T17:32:07Z" duration-ms="1" status="PASS">
          <reporter-output>
          </reporter-output>
        </test-method> <!-- deleteTwitter -->
        <test-method signature="postJira()[pri:0, instance:qaclickacademy.com.restApiTest@ed9d034]" started-at="2020-03-17T17:32:07Z" name="postJira" finished-at="2020-03-17T17:32:07Z" duration-ms="0" status="PASS">
          <reporter-output>
          </reporter-output>
        </test-method> <!-- postJira -->
      </class> <!-- qaclickacademy.com.restApiTest -->
      <class name="qaclickacademy.com.appiumTest">
        <test-method signature="iosApps()[pri:0, instance:qaclickacademy.com.appiumTest@4d3167f4]" started-at="2020-03-17T17:32:07Z" name="iosApps" finished-at="2020-03-17T17:32:07Z" duration-ms="16" status="PASS">
          <reporter-output>
          </reporter-output>
        </test-method> <!-- iosApps -->
        <test-method signature="nativeAppAndroid()[pri:0, instance:qaclickacademy.com.appiumTest@4d3167f4]" started-at="2020-03-17T17:32:07Z" name="nativeAppAndroid" finished-at="2020-03-17T17:32:07Z" duration-ms="0" status="PASS">
          <reporter-output>
          </reporter-output>
        </test-method> <!-- nativeAppAndroid -->
      </class> <!-- qaclickacademy.com.appiumTest -->
    </test> <!-- Command line test -->
  </suite> <!-- Command line suite -->
</testng-results>
