<?xml version="1.0" encoding="UTF-8" ?>
<testsuite tests="6" failures="0" name="TestSuite" time="0.024" errors="0" skipped="0">
  <properties>
[...]
</properties>
  <testcase classname="qaclickacademy.com.appiumTest" name="iosApps" time="0.023"/>
  <testcase classname="qaclickacademy.com.appiumTest" name="nativeAppAndroid" time="0"/>
  <testcase classname="qaclickacademy.com.restApiTest" name="deleteTwitter" time="0"/>
  <testcase classname="qaclickacademy.com.restApiTest" name="postJira" time="0.001"/>
  <testcase classname="qaclickacademy.com.seleniumTest" name="browserAutomation" time="0"/>
  <testcase classname="qaclickacademy.com.seleniumTest" name="elementsUi" time="0"/>
</testsuite>