<?xml version="1.0" encoding="UTF-8"?>
<testng-results ignored="0" total="2" passed="2" failed="0" skipped="0">
  <reporter-output>
  </reporter-output>
  <suite started-at="2020-03-16T17:18:36Z" name="Default suite" finished-at="2020-03-16T17:18:36Z" duration-ms="121">
    <groups>
    </groups>
    <test started-at="2020-03-16T17:18:36Z" name="Default test" finished-at="2020-03-16T17:18:36Z" duration-ms="121">
      <class name="qaclickacademy.com.appiumTest">
        <test-method signature="iosApps()[pri:0, instance:qaclickacademy.com.appiumTest@1df82230]" started-at="2020-03-16T17:18:36Z" name="iosApps" finished-at="2020-03-16T17:18:36Z" duration-ms="29" status="PASS">
          <reporter-output>
          </reporter-output>
        </test-method> <!-- iosApps -->
        <test-method signature="nativeAppAndroid()[pri:0, instance:qaclickacademy.com.appiumTest@1df82230]" started-at="2020-03-16T17:18:36Z" name="nativeAppAndroid" finished-at="2020-03-16T17:18:36Z" duration-ms="7" status="PASS">
          <reporter-output>
          </reporter-output>
        </test-method> <!-- nativeAppAndroid -->
      </class> <!-- qaclickacademy.com.appiumTest -->
    </test> <!-- Default test -->
  </suite> <!-- Default suite -->
</testng-results>
